0 info it worked if it ends with ok
1 verbose cli [ '/usr/bin/node', '/usr/bin/npm', 'install', 'belle', '--save' ]
2 info using npm@1.4.28
3 info using node@v0.10.40
4 verbose node symlink /usr/bin/node
5 warn package.json jsxhint-loader@0.2.0 No repository field.
6 verbose readDependencies using package.json deps
7 verbose cache add [ 'belle', null ]
8 verbose cache add name=undefined spec="belle" args=["belle",null]
9 verbose parsed url { protocol: null,
9 verbose parsed url   slashes: null,
9 verbose parsed url   auth: null,
9 verbose parsed url   host: null,
9 verbose parsed url   port: null,
9 verbose parsed url   hostname: null,
9 verbose parsed url   hash: null,
9 verbose parsed url   search: null,
9 verbose parsed url   query: null,
9 verbose parsed url   pathname: 'belle',
9 verbose parsed url   path: 'belle',
9 verbose parsed url   href: 'belle' }
10 silly lockFile f8a0648f-belle belle
11 verbose lock belle /home/jwelzel/.npm/f8a0648f-belle.lock
12 silly lockFile f8a0648f-belle belle
13 silly lockFile f8a0648f-belle belle
14 verbose addNamed [ 'belle', '' ]
15 verbose addNamed [ null, '*' ]
16 silly lockFile 6ab18215-belle belle@
17 verbose lock belle@ /home/jwelzel/.npm/6ab18215-belle.lock
18 silly addNameRange { name: 'belle', range: '*', hasData: false }
19 verbose request where is /belle
20 verbose request registry https://registry.npmjs.org/
21 verbose request id f7bd88f6f9a18843
22 verbose url raw /belle
23 verbose url resolving [ 'https://registry.npmjs.org/', './belle' ]
24 verbose url resolved https://registry.npmjs.org/belle
25 verbose request where is https://registry.npmjs.org/belle
26 info trying registry request attempt 1 at 19:48:37
27 verbose etag "E7YW2G9CXY3CHCMWV28PW3ZKU"
28 http GET https://registry.npmjs.org/belle
29 http 304 https://registry.npmjs.org/belle
30 silly registry.get cb [ 304,
30 silly registry.get   { date: 'Tue, 21 Jul 2015 22:48:38 GMT',
30 silly registry.get     via: '1.1 varnish',
30 silly registry.get     'cache-control': 'max-age=60',
30 silly registry.get     etag: '"E7YW2G9CXY3CHCMWV28PW3ZKU"',
30 silly registry.get     age: '0',
30 silly registry.get     connection: 'keep-alive',
30 silly registry.get     'x-served-by': 'cache-iad2135-IAD',
30 silly registry.get     'x-cache': 'MISS',
30 silly registry.get     'x-cache-hits': '0',
30 silly registry.get     'x-timer': 'S1437518918.524600,VS0,VE56',
30 silly registry.get     vary: 'Accept' } ]
31 verbose etag https://registry.npmjs.org/belle from cache
32 silly addNameRange number 2 { name: 'belle', range: '*', hasData: true }
33 silly addNameRange versions [ 'belle',
33 silly addNameRange   [ '0.0.1',
33 silly addNameRange     '0.0.2',
33 silly addNameRange     '0.0.3',
33 silly addNameRange     '0.0.4',
33 silly addNameRange     '0.0.5',
33 silly addNameRange     '0.0.6',
33 silly addNameRange     '0.0.7',
33 silly addNameRange     '0.0.8',
33 silly addNameRange     '0.0.9',
33 silly addNameRange     '0.0.10',
33 silly addNameRange     '0.0.11',
33 silly addNameRange     '0.0.12',
33 silly addNameRange     '0.0.13',
33 silly addNameRange     '0.0.14',
33 silly addNameRange     '0.0.15',
33 silly addNameRange     '0.0.16',
33 silly addNameRange     '0.0.17',
33 silly addNameRange     '0.0.18',
33 silly addNameRange     '0.0.19',
33 silly addNameRange     '0.0.20',
33 silly addNameRange     '0.0.21',
33 silly addNameRange     '0.0.22',
33 silly addNameRange     '0.0.23',
33 silly addNameRange     '0.0.24',
33 silly addNameRange     '0.0.25',
33 silly addNameRange     '0.0.26',
33 silly addNameRange     '0.0.27',
33 silly addNameRange     '0.0.28',
33 silly addNameRange     '0.0.29',
33 silly addNameRange     '0.0.30',
33 silly addNameRange     '0.0.31',
33 silly addNameRange     '0.0.32',
33 silly addNameRange     '0.0.33',
33 silly addNameRange     '0.0.34',
33 silly addNameRange     '0.0.35',
33 silly addNameRange     '0.0.36',
33 silly addNameRange     '0.0.37',
33 silly addNameRange     '0.0.38',
33 silly addNameRange     '1.0.0',
33 silly addNameRange     '1.0.1' ] ]
34 verbose addNamed [ 'belle', '1.0.1' ]
35 verbose addNamed [ '1.0.1', '1.0.1' ]
36 silly lockFile 810fd045-belle-1-0-1 belle@1.0.1
37 verbose lock belle@1.0.1 /home/jwelzel/.npm/810fd045-belle-1-0-1.lock
38 silly lockFile 810fd045-belle-1-0-1 belle@1.0.1
39 silly lockFile 810fd045-belle-1-0-1 belle@1.0.1
40 silly lockFile 6ab18215-belle belle@
41 silly lockFile 6ab18215-belle belle@
42 silly resolved [ { name: 'belle',
42 silly resolved     version: '1.0.1',
42 silly resolved     description: 'Configurable React Components with great UX',
42 silly resolved     author:
42 silly resolved      { name: 'Nik Graf',
42 silly resolved        email: 'nik@nikgraf.com',
42 silly resolved        url: 'http://www.nikgraf.com' },
42 silly resolved     repository: { type: 'git', url: 'git://github.com/nikgraf/belle.git' },
42 silly resolved     main: 'lib/index.js',
42 silly resolved     keywords:
42 silly resolved      [ 'browser',
42 silly resolved        'react',
42 silly resolved        'ux',
42 silly resolved        'components',
42 silly resolved        'widget',
42 silly resolved        'javascript',
42 silly resolved        'react-component' ],
42 silly resolved     peerDependencies: { react: '>=0.13.0' },
42 silly resolved     scripts:
42 silly resolved      { start: 'babel --watch --source-maps-inline --optional=\'es7.classProperties\' --out-dir=\'lib\' src',
42 silly resolved        build: 'babel --out-dir=\'lib\' --optional=\'es7.classProperties\' src',
42 silly resolved        prepublish: 'npm run build',
42 silly resolved        postpublish: './scripts/publish_gh_pages.sh',
42 silly resolved        postinstall: 'rm -rf node_modules/react/',
42 silly resolved        test: 'cd tests && npm install && ln -snf ../lib lib && cd .. && jest tests/' },
42 silly resolved     devDependencies:
42 silly resolved      { babel: '^5.6.14',
42 silly resolved        'babel-jest': '^5.3.0',
42 silly resolved        'babel-eslint': '^3.1.20',
42 silly resolved        eslint: '^0.24.0',
42 silly resolved        'eslint-plugin-react': '^2.6.4',
42 silly resolved        'jest-cli': '^0.4.15',
42 silly resolved        react: '>=0.13.3' },
42 silly resolved     jest:
42 silly resolved      { unmockedModulePathPatterns: [Object],
42 silly resolved        scriptPreprocessor: '<rootDir>/node_modules/babel-jest',
42 silly resolved        testFileExtensions: [Object],
42 silly resolved        moduleFileExtensions: [Object] },
42 silly resolved     license: 'MIT',
42 silly resolved     gitHead: '1099a9ef647dc7660f467f05ede37d979258ac2c',
42 silly resolved     bugs: { url: 'https://github.com/nikgraf/belle/issues' },
42 silly resolved     homepage: 'https://github.com/nikgraf/belle#readme',
42 silly resolved     _id: 'belle@1.0.1',
42 silly resolved     _shasum: '38144e351b8563ef9d899e6888e4f21c2640df03',
42 silly resolved     _from: 'belle@',
42 silly resolved     _npmVersion: '2.12.1',
42 silly resolved     _nodeVersion: '0.10.40',
42 silly resolved     _npmUser: { name: 'nikgraf', email: 'nik@nikgraf.com' },
42 silly resolved     maintainers: [ [Object] ],
42 silly resolved     dist:
42 silly resolved      { shasum: '38144e351b8563ef9d899e6888e4f21c2640df03',
42 silly resolved        tarball: 'http://registry.npmjs.org/belle/-/belle-1.0.1.tgz' },
42 silly resolved     directories: {},
42 silly resolved     _resolved: 'https://registry.npmjs.org/belle/-/belle-1.0.1.tgz',
42 silly resolved     readme: 'ERROR: No README data found!' } ]
43 info install belle@1.0.1 into /home/jwelzel/dev/web-dev-test/client
44 info installOne belle@1.0.1
45 verbose node_modules/belle unbuild
46 info preuninstall belle@1.0.1
47 info uninstall belle@1.0.1
48 verbose true,/home/jwelzel/dev/web-dev-test/client/node_modules,/home/jwelzel/dev/web-dev-test/client/node_modules unbuild belle@1.0.1
49 info postuninstall belle@1.0.1
50 verbose tar unpack /home/jwelzel/.npm/belle/1.0.1/package.tgz
51 silly lockFile 7064a976-v-test-client-node-modules-belle tar:///home/jwelzel/dev/web-dev-test/client/node_modules/belle
52 verbose lock tar:///home/jwelzel/dev/web-dev-test/client/node_modules/belle /home/jwelzel/.npm/7064a976-v-test-client-node-modules-belle.lock
53 silly lockFile 4ffe894f-lzel-npm-belle-1-0-1-package-tgz tar:///home/jwelzel/.npm/belle/1.0.1/package.tgz
54 verbose lock tar:///home/jwelzel/.npm/belle/1.0.1/package.tgz /home/jwelzel/.npm/4ffe894f-lzel-npm-belle-1-0-1-package-tgz.lock
55 silly gunzTarPerm modes [ '775', '664' ]
56 silly gunzTarPerm extractEntry package.json
57 silly gunzTarPerm modified mode [ 'package.json', 420, 436 ]
58 silly gunzTarPerm extractEntry .npmignore
59 silly gunzTarPerm modified mode [ '.npmignore', 420, 436 ]
60 silly gunzTarPerm extractEntry README.md
61 silly gunzTarPerm modified mode [ 'README.md', 420, 436 ]
62 silly gunzTarPerm extractEntry LICENSE
63 silly gunzTarPerm modified mode [ 'LICENSE', 420, 436 ]
64 silly gunzTarPerm extractEntry CHANGELOG.md
65 silly gunzTarPerm modified mode [ 'CHANGELOG.md', 420, 436 ]
66 silly gunzTarPerm extractEntry .eslintrc
67 silly gunzTarPerm modified mode [ '.eslintrc', 420, 436 ]
68 silly gunzTarPerm extractEntry .eslintignore
69 silly gunzTarPerm modified mode [ '.eslintignore', 420, 436 ]
70 silly gunzTarPerm extractEntry lib/index.js
71 silly gunzTarPerm modified mode [ 'lib/index.js', 420, 436 ]
72 silly gunzTarPerm extractEntry lib/components/Button.js
73 silly gunzTarPerm modified mode [ 'lib/components/Button.js', 420, 436 ]
74 silly gunzTarPerm extractEntry lib/components/Choice.js
75 silly gunzTarPerm modified mode [ 'lib/components/Choice.js', 420, 436 ]
76 silly gunzTarPerm extractEntry lib/components/ComboBox.js
77 silly gunzTarPerm modified mode [ 'lib/components/ComboBox.js', 420, 436 ]
78 silly gunzTarPerm extractEntry lib/components/Option.js
79 silly gunzTarPerm modified mode [ 'lib/components/Option.js', 420, 436 ]
80 silly gunzTarPerm extractEntry lib/components/Card.js
81 silly gunzTarPerm modified mode [ 'lib/components/Card.js', 420, 436 ]
82 silly gunzTarPerm extractEntry lib/components/Rating.js
83 silly gunzTarPerm modified mode [ 'lib/components/Rating.js', 420, 436 ]
84 silly gunzTarPerm extractEntry lib/components/Select.js
85 silly gunzTarPerm modified mode [ 'lib/components/Select.js', 420, 436 ]
86 silly gunzTarPerm extractEntry lib/components/Separator.js
87 silly gunzTarPerm modified mode [ 'lib/components/Separator.js', 420, 436 ]
88 silly gunzTarPerm extractEntry lib/components/TextInput.js
89 silly gunzTarPerm modified mode [ 'lib/components/TextInput.js', 420, 436 ]
90 silly gunzTarPerm extractEntry lib/components/Toggle.js
91 silly gunzTarPerm modified mode [ 'lib/components/Toggle.js', 420, 436 ]
92 silly gunzTarPerm extractEntry lib/components/Placeholder.js
93 silly gunzTarPerm modified mode [ 'lib/components/Placeholder.js', 420, 436 ]
94 silly gunzTarPerm extractEntry lib/config/button.js
95 silly gunzTarPerm modified mode [ 'lib/config/button.js', 420, 436 ]
96 silly gunzTarPerm extractEntry lib/config/rating.js
97 silly gunzTarPerm modified mode [ 'lib/config/rating.js', 420, 436 ]
98 silly gunzTarPerm extractEntry lib/config/select.js
99 silly gunzTarPerm modified mode [ 'lib/config/select.js', 420, 436 ]
100 silly gunzTarPerm extractEntry lib/config/toggle.js
101 silly gunzTarPerm modified mode [ 'lib/config/toggle.js', 420, 436 ]
102 silly gunzTarPerm extractEntry lib/style/animations.js
103 silly gunzTarPerm modified mode [ 'lib/style/animations.js', 420, 436 ]
104 silly gunzTarPerm extractEntry lib/style/card.js
105 silly gunzTarPerm modified mode [ 'lib/style/card.js', 420, 436 ]
106 silly gunzTarPerm extractEntry lib/style/combo-box.js
107 silly gunzTarPerm modified mode [ 'lib/style/combo-box.js', 420, 436 ]
108 silly gunzTarPerm extractEntry lib/style/option.js
109 silly gunzTarPerm modified mode [ 'lib/style/option.js', 420, 436 ]
110 silly gunzTarPerm extractEntry lib/style/button.js
111 silly gunzTarPerm modified mode [ 'lib/style/button.js', 420, 436 ]
112 silly gunzTarPerm extractEntry lib/style/rating.js
113 silly gunzTarPerm modified mode [ 'lib/style/rating.js', 420, 436 ]
114 silly gunzTarPerm extractEntry lib/style/select.js
115 silly gunzTarPerm modified mode [ 'lib/style/select.js', 420, 436 ]
116 silly gunzTarPerm extractEntry lib/style/separator.js
117 silly gunzTarPerm modified mode [ 'lib/style/separator.js', 420, 436 ]
118 silly gunzTarPerm extractEntry lib/style/text-input.js
119 silly gunzTarPerm modified mode [ 'lib/style/text-input.js', 420, 436 ]
120 silly gunzTarPerm extractEntry lib/style/toggle.js
121 silly gunzTarPerm modified mode [ 'lib/style/toggle.js', 420, 436 ]
122 silly gunzTarPerm extractEntry lib/style/placeholder.js
123 silly gunzTarPerm modified mode [ 'lib/style/placeholder.js', 420, 436 ]
124 silly gunzTarPerm extractEntry lib/utils/animation-frame-management.js
125 silly gunzTarPerm modified mode [ 'lib/utils/animation-frame-management.js', 420, 436 ]
126 silly gunzTarPerm extractEntry lib/utils/calculate-textarea-height.js
127 silly gunzTarPerm modified mode [ 'lib/utils/calculate-textarea-height.js', 420, 436 ]
128 silly gunzTarPerm extractEntry lib/utils/helpers.js
129 silly gunzTarPerm modified mode [ 'lib/utils/helpers.js', 420, 436 ]
130 silly gunzTarPerm extractEntry lib/utils/inject-style.js
131 silly gunzTarPerm modified mode [ 'lib/utils/inject-style.js', 420, 436 ]
132 silly gunzTarPerm extractEntry lib/utils/is-component-of-type.js
133 silly gunzTarPerm modified mode [ 'lib/utils/is-component-of-type.js', 420, 436 ]
134 silly gunzTarPerm extractEntry lib/utils/union-class-names.js
135 silly gunzTarPerm modified mode [ 'lib/utils/union-class-names.js', 420, 436 ]
136 silly gunzTarPerm extractEntry lib/vendor/react/lib/AutoFocusMixin.js
137 silly gunzTarPerm modified mode [ 'lib/vendor/react/lib/AutoFocusMixin.js', 420, 436 ]
138 silly gunzTarPerm extractEntry lib/vendor/react/lib/ReactPropTypeLocationNames.js
139 silly gunzTarPerm modified mode [ 'lib/vendor/react/lib/ReactPropTypeLocationNames.js',
139 silly gunzTarPerm   420,
139 silly gunzTarPerm   436 ]
140 silly gunzTarPerm extractEntry lib/vendor/react/lib/ReactPropTypeLocations.js
141 silly gunzTarPerm modified mode [ 'lib/vendor/react/lib/ReactPropTypeLocations.js', 420, 436 ]
142 silly gunzTarPerm extractEntry lib/vendor/react/lib/ReactPropTypes.js
143 silly gunzTarPerm modified mode [ 'lib/vendor/react/lib/ReactPropTypes.js', 420, 436 ]
144 silly gunzTarPerm extractEntry lib/vendor/react/lib/ReactPropTransferer.js
145 silly gunzTarPerm modified mode [ 'lib/vendor/react/lib/ReactPropTransferer.js', 420, 436 ]
146 silly gunzTarPerm extractEntry lib/vendor/react/lib/ReactReconcileTransaction.js
147 silly gunzTarPerm modified mode [ 'lib/vendor/react/lib/ReactReconcileTransaction.js', 420, 436 ]
148 silly gunzTarPerm extractEntry lib/vendor/react/lib/ReactReconciler.js
149 silly gunzTarPerm modified mode [ 'lib/vendor/react/lib/ReactReconciler.js', 420, 436 ]
150 silly gunzTarPerm extractEntry lib/vendor/react/lib/ReactRef.js
151 silly gunzTarPerm modified mode [ 'lib/vendor/react/lib/ReactRef.js', 420, 436 ]
152 silly gunzTarPerm extractEntry lib/vendor/react/lib/ReactRootIndex.js
153 silly gunzTarPerm modified mode [ 'lib/vendor/react/lib/ReactRootIndex.js', 420, 436 ]
154 silly gunzTarPerm extractEntry lib/vendor/react/lib/ReactServerRendering.js
155 silly gunzTarPerm modified mode [ 'lib/vendor/react/lib/ReactServerRendering.js', 420, 436 ]
156 silly gunzTarPerm extractEntry lib/vendor/react/lib/ReactPerf.js
157 silly gunzTarPerm modified mode [ 'lib/vendor/react/lib/ReactPerf.js', 420, 436 ]
158 silly gunzTarPerm extractEntry lib/vendor/react/lib/ReactServerRenderingTransaction.js
159 silly gunzTarPerm modified mode [ 'lib/vendor/react/lib/ReactServerRenderingTransaction.js',
159 silly gunzTarPerm   420,
159 silly gunzTarPerm   436 ]
160 silly gunzTarPerm extractEntry lib/vendor/react/lib/ReactOwner.js
161 silly gunzTarPerm modified mode [ 'lib/vendor/react/lib/ReactOwner.js', 420, 436 ]
162 silly gunzTarPerm extractEntry lib/vendor/react/lib/ReactStateSetters.js
163 silly gunzTarPerm modified mode [ 'lib/vendor/react/lib/ReactStateSetters.js', 420, 436 ]
164 silly gunzTarPerm extractEntry lib/vendor/react/lib/ReactNativeComponent.js
165 silly gunzTarPerm modified mode [ 'lib/vendor/react/lib/ReactNativeComponent.js', 420, 436 ]
166 silly gunzTarPerm extractEntry lib/vendor/react/lib/ReactTestUtils.js
167 silly gunzTarPerm modified mode [ 'lib/vendor/react/lib/ReactTestUtils.js', 420, 436 ]
168 silly gunzTarPerm extractEntry lib/vendor/react/lib/ReactMultiChildUpdateTypes.js
169 silly gunzTarPerm modified mode [ 'lib/vendor/react/lib/ReactMultiChildUpdateTypes.js',
169 silly gunzTarPerm   420,
169 silly gunzTarPerm   436 ]
170 silly gunzTarPerm extractEntry lib/vendor/react/lib/ReactTransitionChildMapping.js
171 silly gunzTarPerm modified mode [ 'lib/vendor/react/lib/ReactTransitionChildMapping.js',
171 silly gunzTarPerm   420,
171 silly gunzTarPerm   436 ]
172 silly gunzTarPerm extractEntry lib/vendor/react/lib/ReactMultiChild.js
173 silly gunzTarPerm modified mode [ 'lib/vendor/react/lib/ReactMultiChild.js', 420, 436 ]
174 silly gunzTarPerm extractEntry lib/vendor/react/lib/ReactTransitionEvents.js
175 silly gunzTarPerm modified mode [ 'lib/vendor/react/lib/ReactTransitionEvents.js', 420, 436 ]
176 silly gunzTarPerm extractEntry lib/vendor/react/lib/ReactMount.js
177 silly gunzTarPerm modified mode [ 'lib/vendor/react/lib/ReactMount.js', 420, 436 ]
178 silly gunzTarPerm extractEntry lib/vendor/react/lib/ReactTransitionGroup.js
179 silly gunzTarPerm modified mode [ 'lib/vendor/react/lib/ReactTransitionGroup.js', 420, 436 ]
180 silly gunzTarPerm extractEntry lib/vendor/react/lib/ReactMarkupChecksum.js
181 silly gunzTarPerm modified mode [ 'lib/vendor/react/lib/ReactMarkupChecksum.js', 420, 436 ]
182 silly gunzTarPerm extractEntry lib/vendor/react/lib/ReactUpdateQueue.js
183 silly gunzTarPerm modified mode [ 'lib/vendor/react/lib/ReactUpdateQueue.js', 420, 436 ]
184 silly gunzTarPerm extractEntry lib/vendor/react/lib/ReactLink.js
185 silly gunzTarPerm modified mode [ 'lib/vendor/react/lib/ReactLink.js', 420, 436 ]
186 silly gunzTarPerm extractEntry lib/vendor/react/lib/ReactUpdates.js
187 silly gunzTarPerm modified mode [ 'lib/vendor/react/lib/ReactUpdates.js', 420, 436 ]
188 silly gunzTarPerm extractEntry lib/vendor/react/lib/ReactLifeCycle.js
189 silly gunzTarPerm modified mode [ 'lib/vendor/react/lib/ReactLifeCycle.js', 420, 436 ]
190 silly gunzTarPerm extractEntry lib/vendor/react/lib/ReactWithAddons.js
191 silly gunzTarPerm modified mode [ 'lib/vendor/react/lib/ReactWithAddons.js', 420, 436 ]
192 silly gunzTarPerm extractEntry lib/vendor/react/lib/ReactInstanceMap.js
193 silly gunzTarPerm modified mode [ 'lib/vendor/react/lib/ReactInstanceMap.js', 420, 436 ]
194 silly gunzTarPerm extractEntry lib/vendor/react/lib/SVGDOMPropertyConfig.js
195 silly gunzTarPerm modified mode [ 'lib/vendor/react/lib/SVGDOMPropertyConfig.js', 420, 436 ]
196 silly gunzTarPerm extractEntry lib/vendor/react/lib/ReactInstanceHandles.js
197 silly gunzTarPerm modified mode [ 'lib/vendor/react/lib/ReactInstanceHandles.js', 420, 436 ]
198 silly gunzTarPerm extractEntry lib/vendor/react/lib/SelectEventPlugin.js
199 silly gunzTarPerm modified mode [ 'lib/vendor/react/lib/SelectEventPlugin.js', 420, 436 ]
200 silly gunzTarPerm extractEntry lib/vendor/react/lib/ReactInputSelection.js
201 silly gunzTarPerm modified mode [ 'lib/vendor/react/lib/ReactInputSelection.js', 420, 436 ]
202 silly gunzTarPerm extractEntry lib/vendor/react/lib/ServerReactRootIndex.js
203 silly gunzTarPerm modified mode [ 'lib/vendor/react/lib/ServerReactRootIndex.js', 420, 436 ]
204 silly gunzTarPerm extractEntry lib/vendor/react/lib/ReactInjection.js
205 silly gunzTarPerm modified mode [ 'lib/vendor/react/lib/ReactInjection.js', 420, 436 ]
206 silly gunzTarPerm extractEntry lib/vendor/react/lib/SimpleEventPlugin.js
207 silly gunzTarPerm modified mode [ 'lib/vendor/react/lib/SimpleEventPlugin.js', 420, 436 ]
208 silly gunzTarPerm extractEntry lib/vendor/react/lib/ReactFragment.js
209 silly gunzTarPerm modified mode [ 'lib/vendor/react/lib/ReactFragment.js', 420, 436 ]
210 silly gunzTarPerm extractEntry lib/vendor/react/lib/SyntheticClipboardEvent.js
211 silly gunzTarPerm modified mode [ 'lib/vendor/react/lib/SyntheticClipboardEvent.js', 420, 436 ]
212 silly gunzTarPerm extractEntry lib/vendor/react/lib/ReactEventListener.js
213 silly gunzTarPerm modified mode [ 'lib/vendor/react/lib/ReactEventListener.js', 420, 436 ]
214 silly gunzTarPerm extractEntry lib/vendor/react/lib/SyntheticCompositionEvent.js
215 silly gunzTarPerm modified mode [ 'lib/vendor/react/lib/SyntheticCompositionEvent.js', 420, 436 ]
216 silly gunzTarPerm extractEntry lib/vendor/react/lib/ReactEventEmitterMixin.js
217 silly gunzTarPerm modified mode [ 'lib/vendor/react/lib/ReactEventEmitterMixin.js', 420, 436 ]
218 silly gunzTarPerm extractEntry lib/vendor/react/lib/SyntheticDragEvent.js
219 silly gunzTarPerm modified mode [ 'lib/vendor/react/lib/SyntheticDragEvent.js', 420, 436 ]
220 silly gunzTarPerm extractEntry lib/vendor/react/lib/ReactErrorUtils.js
221 silly gunzTarPerm modified mode [ 'lib/vendor/react/lib/ReactErrorUtils.js', 420, 436 ]
222 silly gunzTarPerm extractEntry lib/vendor/react/lib/SyntheticEvent.js
223 silly gunzTarPerm modified mode [ 'lib/vendor/react/lib/SyntheticEvent.js', 420, 436 ]
224 silly gunzTarPerm extractEntry lib/vendor/react/lib/ReactEmptyComponent.js
225 silly gunzTarPerm modified mode [ 'lib/vendor/react/lib/ReactEmptyComponent.js', 420, 436 ]
226 silly gunzTarPerm extractEntry lib/vendor/react/lib/SyntheticFocusEvent.js
227 silly gunzTarPerm modified mode [ 'lib/vendor/react/lib/SyntheticFocusEvent.js', 420, 436 ]
228 silly gunzTarPerm extractEntry lib/vendor/react/lib/ReactElementValidator.js
229 silly gunzTarPerm modified mode [ 'lib/vendor/react/lib/ReactElementValidator.js', 420, 436 ]
230 silly gunzTarPerm extractEntry lib/vendor/react/lib/SyntheticInputEvent.js
231 silly gunzTarPerm modified mode [ 'lib/vendor/react/lib/SyntheticInputEvent.js', 420, 436 ]
232 silly gunzTarPerm extractEntry lib/vendor/react/lib/ReactElement.js
233 silly gunzTarPerm modified mode [ 'lib/vendor/react/lib/ReactElement.js', 420, 436 ]
234 silly gunzTarPerm extractEntry lib/vendor/react/lib/SyntheticKeyboardEvent.js
235 silly gunzTarPerm modified mode [ 'lib/vendor/react/lib/SyntheticKeyboardEvent.js', 420, 436 ]
236 silly gunzTarPerm extractEntry lib/vendor/react/lib/ReactDefaultPerfAnalysis.js
237 silly gunzTarPerm modified mode [ 'lib/vendor/react/lib/ReactDefaultPerfAnalysis.js', 420, 436 ]
238 silly gunzTarPerm extractEntry lib/vendor/react/lib/SyntheticMouseEvent.js
239 silly gunzTarPerm modified mode [ 'lib/vendor/react/lib/SyntheticMouseEvent.js', 420, 436 ]
240 silly gunzTarPerm extractEntry lib/vendor/react/lib/ReactDefaultPerf.js
241 silly gunzTarPerm modified mode [ 'lib/vendor/react/lib/ReactDefaultPerf.js', 420, 436 ]
242 silly gunzTarPerm extractEntry lib/vendor/react/lib/SyntheticTouchEvent.js
243 silly gunzTarPerm modified mode [ 'lib/vendor/react/lib/SyntheticTouchEvent.js', 420, 436 ]
244 silly gunzTarPerm extractEntry lib/vendor/react/lib/ReactDefaultInjection.js
245 silly gunzTarPerm modified mode [ 'lib/vendor/react/lib/ReactDefaultInjection.js', 420, 436 ]
246 silly gunzTarPerm extractEntry lib/vendor/react/lib/SyntheticUIEvent.js
247 silly gunzTarPerm modified mode [ 'lib/vendor/react/lib/SyntheticUIEvent.js', 420, 436 ]
248 silly gunzTarPerm extractEntry lib/vendor/react/lib/ReactDefaultBatchingStrategy.js
249 silly gunzTarPerm modified mode [ 'lib/vendor/react/lib/ReactDefaultBatchingStrategy.js',
249 silly gunzTarPerm   420,
249 silly gunzTarPerm   436 ]
250 silly gunzTarPerm extractEntry lib/vendor/react/lib/SyntheticWheelEvent.js
251 silly gunzTarPerm modified mode [ 'lib/vendor/react/lib/SyntheticWheelEvent.js', 420, 436 ]
252 silly gunzTarPerm extractEntry lib/vendor/react/lib/ReactDOMTextarea.js
253 silly gunzTarPerm modified mode [ 'lib/vendor/react/lib/ReactDOMTextarea.js', 420, 436 ]
254 silly gunzTarPerm extractEntry lib/vendor/react/lib/Transaction.js
255 silly gunzTarPerm modified mode [ 'lib/vendor/react/lib/Transaction.js', 420, 436 ]
256 silly gunzTarPerm extractEntry lib/vendor/react/lib/ReactDOMTextComponent.js
257 silly gunzTarPerm modified mode [ 'lib/vendor/react/lib/ReactDOMTextComponent.js', 420, 436 ]
258 silly gunzTarPerm extractEntry lib/vendor/react/lib/ViewportMetrics.js
259 silly gunzTarPerm modified mode [ 'lib/vendor/react/lib/ViewportMetrics.js', 420, 436 ]
260 silly gunzTarPerm extractEntry lib/vendor/react/lib/ReactDOMSelection.js
261 silly gunzTarPerm modified mode [ 'lib/vendor/react/lib/ReactDOMSelection.js', 420, 436 ]
262 silly gunzTarPerm extractEntry lib/vendor/react/lib/accumulateInto.js
263 silly gunzTarPerm modified mode [ 'lib/vendor/react/lib/accumulateInto.js', 420, 436 ]
264 silly gunzTarPerm extractEntry lib/vendor/react/lib/ReactDOMSelect.js
265 silly gunzTarPerm modified mode [ 'lib/vendor/react/lib/ReactDOMSelect.js', 420, 436 ]
266 silly gunzTarPerm extractEntry lib/vendor/react/lib/adler32.js
267 silly gunzTarPerm modified mode [ 'lib/vendor/react/lib/adler32.js', 420, 436 ]
268 silly gunzTarPerm extractEntry lib/vendor/react/lib/ReactDOMOption.js
269 silly gunzTarPerm modified mode [ 'lib/vendor/react/lib/ReactDOMOption.js', 420, 436 ]
270 silly gunzTarPerm extractEntry lib/vendor/react/lib/camelize.js
271 silly gunzTarPerm modified mode [ 'lib/vendor/react/lib/camelize.js', 420, 436 ]
272 silly gunzTarPerm extractEntry lib/vendor/react/lib/ReactDOMInput.js
273 silly gunzTarPerm modified mode [ 'lib/vendor/react/lib/ReactDOMInput.js', 420, 436 ]
274 silly gunzTarPerm extractEntry lib/vendor/react/lib/camelizeStyleName.js
275 silly gunzTarPerm modified mode [ 'lib/vendor/react/lib/camelizeStyleName.js', 420, 436 ]
276 silly gunzTarPerm extractEntry lib/vendor/react/lib/ReactDOMImg.js
277 silly gunzTarPerm modified mode [ 'lib/vendor/react/lib/ReactDOMImg.js', 420, 436 ]
278 silly gunzTarPerm extractEntry lib/vendor/react/lib/cloneWithProps.js
279 silly gunzTarPerm modified mode [ 'lib/vendor/react/lib/cloneWithProps.js', 420, 436 ]
280 silly gunzTarPerm extractEntry lib/vendor/react/lib/ReactDOMIframe.js
281 silly gunzTarPerm modified mode [ 'lib/vendor/react/lib/ReactDOMIframe.js', 420, 436 ]
282 silly gunzTarPerm extractEntry lib/vendor/react/lib/containsNode.js
283 silly gunzTarPerm modified mode [ 'lib/vendor/react/lib/containsNode.js', 420, 436 ]
284 silly gunzTarPerm extractEntry lib/vendor/react/lib/ReactDOMIDOperations.js
285 silly gunzTarPerm modified mode [ 'lib/vendor/react/lib/ReactDOMIDOperations.js', 420, 436 ]
286 silly gunzTarPerm extractEntry lib/vendor/react/lib/createArrayFromMixed.js
287 silly gunzTarPerm modified mode [ 'lib/vendor/react/lib/createArrayFromMixed.js', 420, 436 ]
288 silly gunzTarPerm extractEntry lib/vendor/react/lib/ReactDOMForm.js
289 silly gunzTarPerm modified mode [ 'lib/vendor/react/lib/ReactDOMForm.js', 420, 436 ]
290 silly gunzTarPerm extractEntry lib/vendor/react/lib/createFullPageComponent.js
291 silly gunzTarPerm modified mode [ 'lib/vendor/react/lib/createFullPageComponent.js', 420, 436 ]
292 silly gunzTarPerm extractEntry lib/vendor/react/lib/ReactDOMComponent.js
293 silly gunzTarPerm modified mode [ 'lib/vendor/react/lib/ReactDOMComponent.js', 420, 436 ]
294 silly gunzTarPerm extractEntry lib/vendor/react/lib/createNodesFromMarkup.js
295 silly gunzTarPerm modified mode [ 'lib/vendor/react/lib/createNodesFromMarkup.js', 420, 436 ]
296 silly gunzTarPerm extractEntry lib/vendor/react/lib/ReactDOMButton.js
297 silly gunzTarPerm modified mode [ 'lib/vendor/react/lib/ReactDOMButton.js', 420, 436 ]
298 silly gunzTarPerm extractEntry lib/vendor/react/lib/cx.js
299 silly gunzTarPerm modified mode [ 'lib/vendor/react/lib/cx.js', 420, 436 ]
300 silly gunzTarPerm extractEntry lib/vendor/react/lib/ReactDOM.js
301 silly gunzTarPerm modified mode [ 'lib/vendor/react/lib/ReactDOM.js', 420, 436 ]
302 silly gunzTarPerm extractEntry lib/vendor/react/lib/dangerousStyleValue.js
303 silly gunzTarPerm modified mode [ 'lib/vendor/react/lib/dangerousStyleValue.js', 420, 436 ]
304 silly gunzTarPerm extractEntry lib/vendor/react/lib/ReactCurrentOwner.js
305 silly gunzTarPerm modified mode [ 'lib/vendor/react/lib/ReactCurrentOwner.js', 420, 436 ]
306 silly gunzTarPerm extractEntry lib/vendor/react/lib/emptyFunction.js
307 silly gunzTarPerm modified mode [ 'lib/vendor/react/lib/emptyFunction.js', 420, 436 ]
308 silly gunzTarPerm extractEntry lib/vendor/react/lib/ReactContext.js
309 silly gunzTarPerm modified mode [ 'lib/vendor/react/lib/ReactContext.js', 420, 436 ]
310 silly gunzTarPerm extractEntry lib/vendor/react/lib/emptyObject.js
311 silly gunzTarPerm modified mode [ 'lib/vendor/react/lib/emptyObject.js', 420, 436 ]
312 silly gunzTarPerm extractEntry lib/vendor/react/lib/ReactCompositeComponent.js
313 silly gunzTarPerm modified mode [ 'lib/vendor/react/lib/ReactCompositeComponent.js', 420, 436 ]
314 silly gunzTarPerm extractEntry lib/vendor/react/lib/escapeTextContentForBrowser.js
315 silly gunzTarPerm modified mode [ 'lib/vendor/react/lib/escapeTextContentForBrowser.js',
315 silly gunzTarPerm   420,
315 silly gunzTarPerm   436 ]
316 silly gunzTarPerm extractEntry lib/vendor/react/lib/ReactComponentWithPureRenderMixin.js
317 silly gunzTarPerm modified mode [ 'lib/vendor/react/lib/ReactComponentWithPureRenderMixin.js',
317 silly gunzTarPerm   420,
317 silly gunzTarPerm   436 ]
318 silly gunzTarPerm extractEntry lib/vendor/react/lib/findDOMNode.js
319 silly gunzTarPerm modified mode [ 'lib/vendor/react/lib/findDOMNode.js', 420, 436 ]
320 silly gunzTarPerm extractEntry lib/vendor/react/lib/ReactComponentEnvironment.js
321 silly gunzTarPerm modified mode [ 'lib/vendor/react/lib/ReactComponentEnvironment.js', 420, 436 ]
322 silly gunzTarPerm extractEntry lib/vendor/react/lib/flattenChildren.js
323 silly gunzTarPerm modified mode [ 'lib/vendor/react/lib/flattenChildren.js', 420, 436 ]
324 silly gunzTarPerm extractEntry lib/vendor/react/lib/ReactComponentBrowserEnvironment.js
325 silly gunzTarPerm modified mode [ 'lib/vendor/react/lib/ReactComponentBrowserEnvironment.js',
325 silly gunzTarPerm   420,
325 silly gunzTarPerm   436 ]
326 silly gunzTarPerm extractEntry lib/vendor/react/lib/focusNode.js
327 silly gunzTarPerm modified mode [ 'lib/vendor/react/lib/focusNode.js', 420, 436 ]
328 silly gunzTarPerm extractEntry lib/vendor/react/lib/ReactComponent.js
329 silly gunzTarPerm modified mode [ 'lib/vendor/react/lib/ReactComponent.js', 420, 436 ]
330 silly gunzTarPerm extractEntry lib/vendor/react/lib/forEachAccumulated.js
331 silly gunzTarPerm modified mode [ 'lib/vendor/react/lib/forEachAccumulated.js', 420, 436 ]
332 silly gunzTarPerm extractEntry lib/vendor/react/lib/ReactClass.js
333 silly gunzTarPerm modified mode [ 'lib/vendor/react/lib/ReactClass.js', 420, 436 ]
334 silly gunzTarPerm extractEntry lib/vendor/react/lib/getActiveElement.js
335 silly gunzTarPerm modified mode [ 'lib/vendor/react/lib/getActiveElement.js', 420, 436 ]
336 silly gunzTarPerm extractEntry lib/vendor/react/lib/ReactChildren.js
337 silly gunzTarPerm modified mode [ 'lib/vendor/react/lib/ReactChildren.js', 420, 436 ]
338 silly gunzTarPerm extractEntry lib/vendor/react/lib/getEventCharCode.js
339 silly gunzTarPerm modified mode [ 'lib/vendor/react/lib/getEventCharCode.js', 420, 436 ]
340 silly gunzTarPerm extractEntry lib/vendor/react/lib/ReactChildReconciler.js
341 silly gunzTarPerm modified mode [ 'lib/vendor/react/lib/ReactChildReconciler.js', 420, 436 ]
342 silly gunzTarPerm extractEntry lib/vendor/react/lib/getEventKey.js
343 silly gunzTarPerm modified mode [ 'lib/vendor/react/lib/getEventKey.js', 420, 436 ]
344 silly gunzTarPerm extractEntry lib/vendor/react/lib/ReactCSSTransitionGroupChild.js
345 silly gunzTarPerm modified mode [ 'lib/vendor/react/lib/ReactCSSTransitionGroupChild.js',
345 silly gunzTarPerm   420,
345 silly gunzTarPerm   436 ]
346 silly gunzTarPerm extractEntry lib/vendor/react/lib/getEventModifierState.js
347 silly gunzTarPerm modified mode [ 'lib/vendor/react/lib/getEventModifierState.js', 420, 436 ]
348 silly gunzTarPerm extractEntry lib/vendor/react/lib/ReactCSSTransitionGroup.js
349 silly gunzTarPerm modified mode [ 'lib/vendor/react/lib/ReactCSSTransitionGroup.js', 420, 436 ]
350 silly gunzTarPerm extractEntry lib/vendor/react/lib/getEventTarget.js
351 silly gunzTarPerm modified mode [ 'lib/vendor/react/lib/getEventTarget.js', 420, 436 ]
352 silly gunzTarPerm extractEntry lib/vendor/react/lib/ReactBrowserEventEmitter.js
353 silly gunzTarPerm modified mode [ 'lib/vendor/react/lib/ReactBrowserEventEmitter.js', 420, 436 ]
354 silly gunzTarPerm extractEntry lib/vendor/react/lib/getIteratorFn.js
355 silly gunzTarPerm modified mode [ 'lib/vendor/react/lib/getIteratorFn.js', 420, 436 ]
356 silly gunzTarPerm extractEntry lib/vendor/react/lib/ReactBrowserComponentMixin.js
357 silly gunzTarPerm modified mode [ 'lib/vendor/react/lib/ReactBrowserComponentMixin.js',
357 silly gunzTarPerm   420,
357 silly gunzTarPerm   436 ]
358 silly gunzTarPerm extractEntry lib/vendor/react/lib/getMarkupWrap.js
359 silly gunzTarPerm modified mode [ 'lib/vendor/react/lib/getMarkupWrap.js', 420, 436 ]
360 silly gunzTarPerm extractEntry lib/vendor/react/lib/React.js
361 silly gunzTarPerm modified mode [ 'lib/vendor/react/lib/React.js', 420, 436 ]
362 silly gunzTarPerm extractEntry lib/vendor/react/lib/getNodeForCharacterOffset.js
363 silly gunzTarPerm modified mode [ 'lib/vendor/react/lib/getNodeForCharacterOffset.js', 420, 436 ]
364 silly gunzTarPerm extractEntry lib/vendor/react/lib/PooledClass.js
365 silly gunzTarPerm modified mode [ 'lib/vendor/react/lib/PooledClass.js', 420, 436 ]
366 silly gunzTarPerm extractEntry lib/vendor/react/lib/getReactRootElementInContainer.js
367 silly gunzTarPerm modified mode [ 'lib/vendor/react/lib/getReactRootElementInContainer.js',
367 silly gunzTarPerm   420,
367 silly gunzTarPerm   436 ]
368 silly gunzTarPerm extractEntry lib/vendor/react/lib/Object.assign.js
369 silly gunzTarPerm modified mode [ 'lib/vendor/react/lib/Object.assign.js', 420, 436 ]
370 silly gunzTarPerm extractEntry lib/vendor/react/lib/getTextContentAccessor.js
371 silly gunzTarPerm modified mode [ 'lib/vendor/react/lib/getTextContentAccessor.js', 420, 436 ]
372 silly gunzTarPerm extractEntry lib/vendor/react/lib/MobileSafariClickEventPlugin.js
373 silly gunzTarPerm modified mode [ 'lib/vendor/react/lib/MobileSafariClickEventPlugin.js',
373 silly gunzTarPerm   420,
373 silly gunzTarPerm   436 ]
374 silly gunzTarPerm extractEntry lib/vendor/react/lib/getUnboundedScrollPosition.js
375 silly gunzTarPerm modified mode [ 'lib/vendor/react/lib/getUnboundedScrollPosition.js',
375 silly gunzTarPerm   420,
375 silly gunzTarPerm   436 ]
376 silly gunzTarPerm extractEntry lib/vendor/react/lib/LocalEventTrapMixin.js
377 silly gunzTarPerm modified mode [ 'lib/vendor/react/lib/LocalEventTrapMixin.js', 420, 436 ]
378 silly gunzTarPerm extractEntry lib/vendor/react/lib/hyphenate.js
379 silly gunzTarPerm modified mode [ 'lib/vendor/react/lib/hyphenate.js', 420, 436 ]
380 silly gunzTarPerm extractEntry lib/vendor/react/lib/LinkedValueUtils.js
381 silly gunzTarPerm modified mode [ 'lib/vendor/react/lib/LinkedValueUtils.js', 420, 436 ]
382 silly gunzTarPerm extractEntry lib/vendor/react/lib/hyphenateStyleName.js
383 silly gunzTarPerm modified mode [ 'lib/vendor/react/lib/hyphenateStyleName.js', 420, 436 ]
384 silly gunzTarPerm extractEntry lib/vendor/react/lib/LinkedStateMixin.js
385 silly gunzTarPerm modified mode [ 'lib/vendor/react/lib/LinkedStateMixin.js', 420, 436 ]
386 silly gunzTarPerm extractEntry lib/vendor/react/lib/instantiateReactComponent.js
387 silly gunzTarPerm modified mode [ 'lib/vendor/react/lib/instantiateReactComponent.js', 420, 436 ]
388 silly gunzTarPerm extractEntry lib/vendor/react/lib/HTMLDOMPropertyConfig.js
389 silly gunzTarPerm modified mode [ 'lib/vendor/react/lib/HTMLDOMPropertyConfig.js', 420, 436 ]
390 silly gunzTarPerm extractEntry lib/vendor/react/lib/invariant.js
391 silly gunzTarPerm modified mode [ 'lib/vendor/react/lib/invariant.js', 420, 436 ]
392 silly gunzTarPerm extractEntry lib/vendor/react/lib/FallbackCompositionState.js
393 silly gunzTarPerm modified mode [ 'lib/vendor/react/lib/FallbackCompositionState.js', 420, 436 ]
394 silly gunzTarPerm extractEntry lib/vendor/react/lib/isEventSupported.js
395 silly gunzTarPerm modified mode [ 'lib/vendor/react/lib/isEventSupported.js', 420, 436 ]
396 silly gunzTarPerm extractEntry lib/vendor/react/lib/ExecutionEnvironment.js
397 silly gunzTarPerm modified mode [ 'lib/vendor/react/lib/ExecutionEnvironment.js', 420, 436 ]
398 silly gunzTarPerm extractEntry lib/vendor/react/lib/isNode.js
399 silly gunzTarPerm modified mode [ 'lib/vendor/react/lib/isNode.js', 420, 436 ]
400 silly gunzTarPerm extractEntry lib/vendor/react/lib/EventPropagators.js
401 silly gunzTarPerm modified mode [ 'lib/vendor/react/lib/EventPropagators.js', 420, 436 ]
402 silly gunzTarPerm extractEntry lib/vendor/react/lib/isTextInputElement.js
403 silly gunzTarPerm modified mode [ 'lib/vendor/react/lib/isTextInputElement.js', 420, 436 ]
404 silly gunzTarPerm extractEntry lib/vendor/react/lib/EventPluginUtils.js
405 silly gunzTarPerm modified mode [ 'lib/vendor/react/lib/EventPluginUtils.js', 420, 436 ]
406 silly gunzTarPerm extractEntry lib/vendor/react/lib/isTextNode.js
407 silly gunzTarPerm modified mode [ 'lib/vendor/react/lib/isTextNode.js', 420, 436 ]
408 silly gunzTarPerm extractEntry lib/vendor/react/lib/EventPluginRegistry.js
409 silly gunzTarPerm modified mode [ 'lib/vendor/react/lib/EventPluginRegistry.js', 420, 436 ]
410 silly gunzTarPerm extractEntry lib/vendor/react/lib/joinClasses.js
411 silly gunzTarPerm modified mode [ 'lib/vendor/react/lib/joinClasses.js', 420, 436 ]
412 silly gunzTarPerm extractEntry lib/vendor/react/lib/EventPluginHub.js
413 silly gunzTarPerm modified mode [ 'lib/vendor/react/lib/EventPluginHub.js', 420, 436 ]
414 silly gunzTarPerm extractEntry lib/vendor/react/lib/keyMirror.js
415 silly gunzTarPerm modified mode [ 'lib/vendor/react/lib/keyMirror.js', 420, 436 ]
416 silly gunzTarPerm extractEntry lib/vendor/react/lib/EventListener.js
417 silly gunzTarPerm modified mode [ 'lib/vendor/react/lib/EventListener.js', 420, 436 ]
418 silly gunzTarPerm extractEntry lib/vendor/react/lib/keyOf.js
419 silly gunzTarPerm modified mode [ 'lib/vendor/react/lib/keyOf.js', 420, 436 ]
420 silly gunzTarPerm extractEntry lib/vendor/react/lib/EventConstants.js
421 silly gunzTarPerm modified mode [ 'lib/vendor/react/lib/EventConstants.js', 420, 436 ]
422 silly gunzTarPerm extractEntry lib/vendor/react/lib/mapObject.js
423 silly gunzTarPerm modified mode [ 'lib/vendor/react/lib/mapObject.js', 420, 436 ]
424 silly gunzTarPerm extractEntry lib/vendor/react/lib/EnterLeaveEventPlugin.js
425 silly gunzTarPerm modified mode [ 'lib/vendor/react/lib/EnterLeaveEventPlugin.js', 420, 436 ]
426 silly gunzTarPerm extractEntry lib/vendor/react/lib/memoizeStringOnly.js
427 silly gunzTarPerm modified mode [ 'lib/vendor/react/lib/memoizeStringOnly.js', 420, 436 ]
428 silly gunzTarPerm extractEntry lib/vendor/react/lib/DefaultEventPluginOrder.js
429 silly gunzTarPerm modified mode [ 'lib/vendor/react/lib/DefaultEventPluginOrder.js', 420, 436 ]
430 silly gunzTarPerm extractEntry lib/vendor/react/lib/onlyChild.js
431 silly gunzTarPerm modified mode [ 'lib/vendor/react/lib/onlyChild.js', 420, 436 ]
432 silly gunzTarPerm extractEntry lib/vendor/react/lib/Danger.js
433 silly gunzTarPerm modified mode [ 'lib/vendor/react/lib/Danger.js', 420, 436 ]
434 silly gunzTarPerm extractEntry lib/vendor/react/lib/performance.js
435 silly gunzTarPerm modified mode [ 'lib/vendor/react/lib/performance.js', 420, 436 ]
436 silly gunzTarPerm extractEntry lib/vendor/react/lib/DOMPropertyOperations.js
437 silly gunzTarPerm modified mode [ 'lib/vendor/react/lib/DOMPropertyOperations.js', 420, 436 ]
438 silly gunzTarPerm extractEntry lib/vendor/react/lib/performanceNow.js
439 silly gunzTarPerm modified mode [ 'lib/vendor/react/lib/performanceNow.js', 420, 436 ]
440 silly gunzTarPerm extractEntry lib/vendor/react/lib/DOMProperty.js
441 silly gunzTarPerm modified mode [ 'lib/vendor/react/lib/DOMProperty.js', 420, 436 ]
442 silly gunzTarPerm extractEntry lib/vendor/react/lib/quoteAttributeValueForBrowser.js
443 silly gunzTarPerm modified mode [ 'lib/vendor/react/lib/quoteAttributeValueForBrowser.js',
443 silly gunzTarPerm   420,
443 silly gunzTarPerm   436 ]
444 silly gunzTarPerm extractEntry lib/vendor/react/lib/DOMChildrenOperations.js
445 silly gunzTarPerm modified mode [ 'lib/vendor/react/lib/DOMChildrenOperations.js', 420, 436 ]
446 silly gunzTarPerm extractEntry lib/vendor/react/lib/setInnerHTML.js
447 silly gunzTarPerm modified mode [ 'lib/vendor/react/lib/setInnerHTML.js', 420, 436 ]
448 silly gunzTarPerm extractEntry lib/vendor/react/lib/ClientReactRootIndex.js
449 silly gunzTarPerm modified mode [ 'lib/vendor/react/lib/ClientReactRootIndex.js', 420, 436 ]
450 silly gunzTarPerm extractEntry lib/vendor/react/lib/setTextContent.js
451 silly gunzTarPerm modified mode [ 'lib/vendor/react/lib/setTextContent.js', 420, 436 ]
452 silly gunzTarPerm extractEntry lib/vendor/react/lib/ChangeEventPlugin.js
453 silly gunzTarPerm modified mode [ 'lib/vendor/react/lib/ChangeEventPlugin.js', 420, 436 ]
454 silly gunzTarPerm extractEntry lib/vendor/react/lib/shallowEqual.js
455 silly gunzTarPerm modified mode [ 'lib/vendor/react/lib/shallowEqual.js', 420, 436 ]
456 silly gunzTarPerm extractEntry lib/vendor/react/lib/CallbackQueue.js
457 silly gunzTarPerm modified mode [ 'lib/vendor/react/lib/CallbackQueue.js', 420, 436 ]
458 silly gunzTarPerm extractEntry lib/vendor/react/lib/shouldUpdateReactComponent.js
459 silly gunzTarPerm modified mode [ 'lib/vendor/react/lib/shouldUpdateReactComponent.js',
459 silly gunzTarPerm   420,
459 silly gunzTarPerm   436 ]
460 silly gunzTarPerm extractEntry lib/vendor/react/lib/CSSPropertyOperations.js
461 silly gunzTarPerm modified mode [ 'lib/vendor/react/lib/CSSPropertyOperations.js', 420, 436 ]
462 silly gunzTarPerm extractEntry lib/vendor/react/lib/toArray.js
463 silly gunzTarPerm modified mode [ 'lib/vendor/react/lib/toArray.js', 420, 436 ]
464 silly gunzTarPerm extractEntry lib/vendor/react/lib/CSSProperty.js
465 silly gunzTarPerm modified mode [ 'lib/vendor/react/lib/CSSProperty.js', 420, 436 ]
466 silly gunzTarPerm extractEntry lib/vendor/react/lib/traverseAllChildren.js
467 silly gunzTarPerm modified mode [ 'lib/vendor/react/lib/traverseAllChildren.js', 420, 436 ]
468 silly gunzTarPerm extractEntry lib/vendor/react/lib/CSSCore.js
469 silly gunzTarPerm modified mode [ 'lib/vendor/react/lib/CSSCore.js', 420, 436 ]
470 silly gunzTarPerm extractEntry lib/vendor/react/lib/update.js
471 silly gunzTarPerm modified mode [ 'lib/vendor/react/lib/update.js', 420, 436 ]
472 silly gunzTarPerm extractEntry lib/vendor/react/lib/BeforeInputEventPlugin.js
473 silly gunzTarPerm modified mode [ 'lib/vendor/react/lib/BeforeInputEventPlugin.js', 420, 436 ]
474 silly gunzTarPerm extractEntry lib/vendor/react/lib/warning.js
475 silly gunzTarPerm modified mode [ 'lib/vendor/react/lib/warning.js', 420, 436 ]
476 silly gunzTarPerm extractEntry lib/vendor/react/lib/ReactPutListenerQueue.js
477 silly gunzTarPerm modified mode [ 'lib/vendor/react/lib/ReactPutListenerQueue.js', 420, 436 ]
478 silly gunzTarPerm extractEntry scripts/publish_gh_pages.sh
479 silly gunzTarPerm modified mode [ 'scripts/publish_gh_pages.sh', 493, 509 ]
480 silly lockFile 7064a976-v-test-client-node-modules-belle tar:///home/jwelzel/dev/web-dev-test/client/node_modules/belle
481 silly lockFile 7064a976-v-test-client-node-modules-belle tar:///home/jwelzel/dev/web-dev-test/client/node_modules/belle
482 silly lockFile 4ffe894f-lzel-npm-belle-1-0-1-package-tgz tar:///home/jwelzel/.npm/belle/1.0.1/package.tgz
483 silly lockFile 4ffe894f-lzel-npm-belle-1-0-1-package-tgz tar:///home/jwelzel/.npm/belle/1.0.1/package.tgz
484 info preinstall belle@1.0.1
485 verbose readDependencies using package.json deps
486 verbose readDependencies using package.json deps
487 silly resolved []
488 verbose about to build /home/jwelzel/dev/web-dev-test/client/node_modules/belle
489 info build /home/jwelzel/dev/web-dev-test/client/node_modules/belle
490 verbose linkStuff [ false,
490 verbose linkStuff   false,
490 verbose linkStuff   false,
490 verbose linkStuff   '/home/jwelzel/dev/web-dev-test/client/node_modules' ]
491 info linkStuff belle@1.0.1
492 verbose linkBins belle@1.0.1
493 verbose linkMans belle@1.0.1
494 verbose rebuildBundles belle@1.0.1
495 info install belle@1.0.1
496 info postinstall belle@1.0.1
497 verbose unsafe-perm in lifecycle true
498 error peerinvalid The package react does not satisfy its siblings' peerDependencies requirements!
498 error peerinvalid Peer react-router@0.11.6 wants react@0.12.x
498 error peerinvalid Peer belle@1.0.1 wants react@>=0.13.0
499 error System Linux 3.19.0-16-generic
500 error command "/usr/bin/node" "/usr/bin/npm" "install" "belle" "--save"
501 error cwd /home/jwelzel/dev/web-dev-test/client
502 error node -v v0.10.40
503 error npm -v 1.4.28
504 error code EPEERINVALID
505 verbose exit [ 1, true ]
